  Sort.cpp
C:\Users\lvovm\source\repos\Algorithms\sort.h(58,14): warning C4129: l: неизвестная escape-последовательность
  (компиляция исходного файла "Sort.cpp")
  
C:\Users\lvovm\source\repos\Algorithms\sort.h(58,14): warning C4129: D: неизвестная escape-последовательность
  (компиляция исходного файла "Sort.cpp")
  
C:\Users\lvovm\source\repos\Algorithms\sort.h(58,14): warning C4129: s: неизвестная escape-последовательность
  (компиляция исходного файла "Sort.cpp")
  
C:\Users\lvovm\source\repos\Algorithms\sort.h(83,14): warning C4129: l: неизвестная escape-последовательность
  (компиляция исходного файла "Sort.cpp")
  
C:\Users\lvovm\source\repos\Algorithms\sort.h(83,14): warning C4129: D: неизвестная escape-последовательность
  (компиляция исходного файла "Sort.cpp")
  
C:\Users\lvovm\source\repos\Algorithms\sort.h(83,14): warning C4129: s: неизвестная escape-последовательность
  (компиляция исходного файла "Sort.cpp")
  
C:\Users\lvovm\source\repos\Algorithms\sort.h(105,14): warning C4129: l: неизвестная escape-последовательность
  (компиляция исходного файла "Sort.cpp")
  
C:\Users\lvovm\source\repos\Algorithms\sort.h(105,14): warning C4129: D: неизвестная escape-последовательность
  (компиляция исходного файла "Sort.cpp")
  
C:\Users\lvovm\source\repos\Algorithms\sort.h(105,14): warning C4129: s: неизвестная escape-последовательность
  (компиляция исходного файла "Sort.cpp")
  
C:\Users\lvovm\source\repos\Algorithms\sort.h(187,11): warning C4244: инициализация: преобразование "double" в "int", возможна потеря данных
  (компиляция исходного файла "Sort.cpp")
  
C:\Users\lvovm\source\repos\Algorithms\sort.h(196,14): warning C4244: /=: преобразование "double" в "int", возможна потеря данных
  (компиляция исходного файла "Sort.cpp")
  
C:\Users\lvovm\source\repos\Algorithms\sort.h(214,16): warning C4244: инициализация: преобразование "double" в "int", возможна потеря данных
  (компиляция исходного файла "Sort.cpp")
  
C:\Users\lvovm\source\repos\Algorithms\sort.h(214,40): warning C4244: /=: преобразование "double" в "int", возможна потеря данных
  (компиляция исходного файла "Sort.cpp")
  
C:\Users\lvovm\source\repos\Algorithms\sort.h(230,30): warning C4244: =: преобразование "double" в "int", возможна потеря данных
  (компиляция исходного файла "Sort.cpp")
  
C:\Users\lvovm\source\repos\Algorithms\sort.h(262,46): warning C4244: =: преобразование "double" в "int", возможна потеря данных
  (компиляция исходного файла "Sort.cpp")
  
C:\Users\lvovm\source\repos\Algorithms\sort.h(294,30): warning C4244: =: преобразование "double" в "int", возможна потеря данных
  (компиляция исходного файла "Sort.cpp")
  
C:\Users\lvovm\source\repos\Algorithms\Input_random_array.h(16,15): warning C4244: аргумент: преобразование "time_t" в "unsigned int", возможна потеря данных
  (компиляция исходного файла "Sort.cpp")
  
C:\Users\lvovm\source\repos\Algorithms\Input_random_array.h(28,15): warning C4244: аргумент: преобразование "time_t" в "unsigned int", возможна потеря данных
  (компиляция исходного файла "Sort.cpp")
  
C:\Users\lvovm\source\repos\Algorithms\Sort.cpp(109,11): warning C4244: =: преобразование "double" в "int", возможна потеря данных
C:\Users\lvovm\source\repos\Algorithms\Sort.cpp(117,11): warning C4244: =: преобразование "double" в "int", возможна потеря данных
C:\Users\lvovm\source\repos\Algorithms\Sort.cpp(123,11): warning C4244: =: преобразование "double" в "int", возможна потеря данных
C:\Users\lvovm\source\repos\Algorithms\Sort.cpp(132,11): warning C4244: =: преобразование "double" в "int", возможна потеря данных
C:\Users\lvovm\source\repos\Algorithms\Sort.cpp(140,11): warning C4244: =: преобразование "double" в "int", возможна потеря данных
C:\Users\lvovm\source\repos\Algorithms\Sort.cpp(146,11): warning C4244: =: преобразование "double" в "int", возможна потеря данных
C:\Users\lvovm\source\repos\Algorithms\Sort.cpp(155,11): warning C4244: =: преобразование "double" в "int", возможна потеря данных
C:\Users\lvovm\source\repos\Algorithms\Sort.cpp(163,11): warning C4244: =: преобразование "double" в "int", возможна потеря данных
C:\Users\lvovm\source\repos\Algorithms\Sort.cpp(169,11): warning C4244: =: преобразование "double" в "int", возможна потеря данных
C:\Users\lvovm\source\repos\Algorithms\Input_random_array.h(23,1): warning C4172: возвращение адреса локальной или временной переменной : array
C:\Users\lvovm\source\repos\Algorithms\Sort.cpp(248,1): warning C4717: main: рекурсия на всех путях выполнения, функция вызовет переполнение стека
  Algorithms.vcxproj -> C:\Users\lvovm\source\repos\Algorithms\x64\Debug\Algorithms.exe
